Sun Jun  9 16:08:42 2024
fun f_open(): error opening file
------------------------
Sun Jun  9 16:12:12 2024
fun f_open(): error opening file
------------------------
Sun Jun  9 16:16:46 2024
fun f_open(): error opening file
------------------------
Sun Jun  9 16:17:39 2024
fun f_open(): error opening file
------------------------
Sun Jun  9 16:18:11 2024
fun f_open(): error opening file
------------------------
Sun Jun  9 16:19:03 2024
fun f_open(): error opening file
------------------------
Sun Jun  9 16:20:26 2024
fun f_open(): error opening file
------------------------
Sun Jun  9 16:21:08 2024
fun f_open(): error opening file
------------------------
Sun Jun  9 16:21:51 2024
fun f_open(): error opening file
------------------------
Sun Jun  9 16:22:21 2024
fun f_open(): error opening file
------------------------
Sun Jun  9 16:22:33 2024
fun f_open(): error opening file
------------------------
Sun Jun  9 16:32:02 2024
fun f_open(): error opening file
------------------------
Sun Jun  9 16:49:14 2024
fun f_open(): error opening file
------------------------
Sun Jun  9 16:49:42 2024
fun f_open(): error opening file
------------------------
Sun Jun  9 16:50:11 2024
fun f_open(): error opening file
------------------------
Sun Jun  9 16:51:39 2024
fun f_open(): error opening file
------------------------
Sun Jun  9 16:53:44 2024
fun f_open(): error opening file
------------------------
Sun Jun  9 16:54:41 2024
fun f_open(): error opening file
------------------------
Sun Jun  9 16:55:49 2024
fun f_open(): error opening file
------------------------
Sun Jun  9 16:56:52 2024
fun f_open(): error opening file
------------------------
Sun Jun  9 16:57:21 2024
fun f_open(): error opening file
------------------------
Sun Jun  9 16:59:09 2024
fun f_open(): error opening file
------------------------
Sun Jun  9 17:01:18 2024
fun f_open(): error opening file
------------------------
Sun Jun  9 17:01:42 2024
fun f_open(): error opening file
------------------------
Sun Jun  9 17:04:38 2024
fun f_open(): error opening file
------------------------
Sun Jun  9 17:24:06 2024
fun f_open(): error opening file
------------------------
Sun Jun  9 18:03:33 2024
fun f_open(): error opening file
------------------------
Sun Jun  9 18:04:15 2024
fun f_open(): error opening file
------------------------
Sun Jun  9 18:06:08 2024
fun f_open(): error opening file
------------------------
Sun Jun  9 18:07:13 2024
fun f_open(): error opening file
------------------------
Sun Jun  9 18:10:29 2024
fun f_open(): error opening file
------------------------
Mon Jun 10 17:57:28 2024
fun f_open(): error opening file
------------------------
Mon Jun 10 17:58:40 2024
fun f_open(): error opening file
------------------------
Mon Jun 10 18:00:11 2024
fun f_open(): error opening file
------------------------
Mon Jun 10 21:01:26 2024
fun f_open(): error opening file
------------------------
Tue Jun 11 14:50:14 2024
fun f_open(): error opening file
------------------------
Tue Jun 11 17:23:51 2024
fun f_open(): error opening file
------------------------
Tue Jun 11 22:20:45 2024
fun f_open(): error opening file
------------------------
Wed Jun 12 19:23:11 2024
fun f_open(): error opening file
------------------------
Wed Jun 12 19:23:45 2024
fun f_open(): error opening file
------------------------
Fri Jun 14 15:27:44 2024
fun move(): Object is null!

------------------------
Fri Jun 14 16:51:31 2024
fun f_open(): error opening file
------------------------
Fri Jun 14 16:52:54 2024
fun f_open(): error opening file
------------------------
Fri Jun 14 16:54:18 2024
fun f_open(): error opening file
------------------------
Fri Jun 14 16:54:45 2024
fun f_open(): error opening file
------------------------
Fri Jun 14 16:55:21 2024
fun f_open(): error opening file
------------------------
Fri Jun 14 16:56:20 2024
fun f_open(): error opening file
------------------------
Fri Jun 14 16:58:08 2024
fun f_open(): error opening file
------------------------
Fri Jun 14 16:58:36 2024
fun f_open(): error opening file
------------------------
Fri Jun 14 16:58:44 2024
fun f_open(): error opening file
------------------------
Fri Jun 14 16:59:29 2024
fun f_open(): error opening file
------------------------
Fri Jun 14 17:22:30 2024
fun f_open(): error opening file
------------------------
Fri Jun 14 17:23:02 2024
fun f_open(): error opening file
------------------------
Fri Jun 14 17:24:04 2024
fun f_open(): error opening file
------------------------
Fri Jun 14 17:24:15 2024
fun f_open(): error opening file
------------------------
Fri Jun 14 17:25:17 2024
fun f_open(): error opening file
------------------------
Fri Jun 14 17:26:01 2024
fun f_open(): error opening file
------------------------
Fri Jun 14 17:35:18 2024
fun f_open(): error opening file
------------------------
Fri Jun 14 17:40:16 2024
fun f_open(): error opening file
------------------------
Fri Jun 14 17:42:58 2024
fun f_open(): error opening file
------------------------
Fri Jun 14 17:44:40 2024
fun f_open(): error opening file
------------------------
Fri Jun 14 17:48:07 2024
fun move(): Object is null!

------------------------
Fri Jun 14 17:48:30 2024
fun move(): Object is null!

------------------------
Fri Jun 14 17:55:20 2024
fun move(): Object is null!

------------------------
Fri Jun 14 17:58:27 2024
fun f_open(): error opening file
------------------------
Fri Jun 14 17:59:04 2024
fun f_open(): error opening file
------------------------
Fri Jun 14 17:59:36 2024
fun f_open(): error opening file
------------------------
Fri Jun 14 18:04:36 2024
fun f_open(): error opening file
------------------------
Fri Jun 14 18:07:20 2024
fun f_open(): error opening file
------------------------
Fri Jun 14 18:20:29 2024
fun f_open(): error opening file
------------------------
Fri Jun 14 18:22:58 2024
fun f_open(): error opening file
------------------------
Sat Jun 15 06:53:22 2024
fun f_open(): error opening file
------------------------
Sat Jun 15 06:56:48 2024
fun f_open(): error opening file
------------------------
Sat Jun 15 10:17:37 2024
fun f_open(): error opening file
------------------------
Sat Jun 15 10:18:28 2024
fun f_open(): error opening file
------------------------
Sat Jun 15 10:20:45 2024
fun f_open(): error opening file
------------------------
Sat Jun 15 10:21:40 2024
fun f_open(): error opening file
------------------------
Sat Jun 15 10:23:09 2024
fun f_open(): error opening file
------------------------
Sat Jun 15 10:23:45 2024
fun f_open(): error opening file
------------------------
Sat Jun 15 10:25:44 2024
fun f_open(): error opening file
------------------------
Sat Jun 15 10:27:25 2024
fun f_open(): error opening file
------------------------
Sat Jun 15 10:28:46 2024
fun f_open(): error opening file
------------------------
Sat Jun 15 10:29:06 2024
fun f_open(): error opening file
------------------------
Sat Jun 15 10:31:29 2024
fun f_open(): error opening file
------------------------
Sat Jun 15 10:45:12 2024
fun f_open(): error opening file
------------------------
Sat Jun 15 10:45:35 2024
fun f_open(): error opening file
------------------------
Sat Jun 15 10:51:25 2024
fun f_open(): error opening file
------------------------
Sat Jun 15 11:13:02 2024
fun f_open(): error opening file
------------------------
Sat Jun 15 12:12:25 2024
fun f_open(): error opening file
------------------------
Sat Jun 15 12:31:35 2024
fun f_open(): error opening file
------------------------
Tue Jun 18 09:07:09 2024
fun f_open(): error opening file
------------------------
Tue Jun 18 09:22:34 2024
fun f_open(): error opening file
------------------------
Tue Jun 18 09:23:41 2024
fun f_open(): error opening file
------------------------
Tue Jun 18 09:32:00 2024
fun f_open(): error opening file
------------------------
Tue Jun 18 09:33:49 2024
fun f_open(): error opening file
------------------------
Tue Jun 18 09:35:33 2024
fun f_open(): error opening file
------------------------
Tue Jun 18 09:36:45 2024
fun f_open(): error opening file
------------------------
Tue Jun 18 09:37:15 2024
fun f_open(): error opening file
------------------------
Tue Jun 18 09:39:00 2024
fun f_open(): error opening file
------------------------
Tue Jun 18 09:40:07 2024
fun f_open(): error opening file
------------------------
Tue Jun 18 09:42:52 2024
fun f_open(): error opening file
------------------------
Tue Jun 18 09:43:20 2024
fun f_open(): error opening file
------------------------
Tue Jun 18 09:43:47 2024
fun f_open(): error opening file
------------------------
Tue Jun 18 09:45:05 2024
fun f_open(): error opening file
------------------------
Tue Jun 18 09:46:35 2024
fun f_open(): error opening file
------------------------
Tue Jun 18 09:47:41 2024
fun f_open(): error opening file
------------------------
Tue Jun 18 09:48:18 2024
fun f_open(): error opening file
------------------------
Tue Jun 18 09:48:45 2024
fun f_open(): error opening file
------------------------
Tue Jun 18 09:51:25 2024
fun f_open(): error opening file
------------------------
Tue Jun 18 09:53:01 2024
fun f_open(): error opening file
------------------------
Tue Jun 18 09:56:19 2024
fun f_open(): error opening file
------------------------
Tue Jun 18 10:05:31 2024
fun f_open(): error opening file
------------------------
Tue Jun 18 10:11:53 2024
fun f_open(): error opening file
------------------------
Tue Jun 18 10:15:21 2024
fun f_open(): error opening file
------------------------
Tue Jun 18 10:34:31 2024
fun f_open(): error opening file
------------------------
Tue Jun 18 12:26:39 2024
fun f_open(): error opening file
------------------------
Wed Jun 19 15:33:27 2024
fun f_open(): error opening file
------------------------
Wed Jun 19 15:36:33 2024
fun f_open(): error opening file
------------------------
Wed Jun 19 15:37:56 2024
fun f_open(): error opening file
------------------------
Wed Jun 19 15:51:45 2024
fun f_open(): error opening file
------------------------
Wed Jun 19 19:55:12 2024
fun f_open(): error opening file
------------------------
Wed Jun 19 19:56:36 2024
fun f_open(): error opening file
------------------------
Thu Jun 20 14:32:42 2024
fun f_open(): error opening file
------------------------
Thu Jun 20 14:35:36 2024
fun f_open(): error opening file
------------------------
Fri Jun 21 11:50:37 2024
fun f_open(): error opening file
------------------------
Fri Jun 21 11:55:47 2024
fun f_open(): error opening file
------------------------
Fri Jun 21 13:56:56 2024
fun f_open(): error opening file
------------------------
Fri Jun 21 17:34:23 2024
fun move(): Object is null!

------------------------
Fri Jun 21 17:35:45 2024
fun move(): Object is null!

------------------------
Fri Jun 21 17:36:15 2024
fun move(): Object is null!

------------------------
Fri Jun 21 17:36:26 2024
fun move(): Object is null!

------------------------
Fri Jun 21 17:36:57 2024
fun move(): Object is null!

------------------------
Fri Jun 21 17:37:08 2024
fun move(): Object is null!

------------------------
Fri Jun 21 17:38:14 2024
fun move(): Object is null!

------------------------
Sat Jun 22 14:52:00 2024
fun f_open(): error opening file
------------------------
Sat Jun 22 14:53:57 2024
fun f_open(): error opening file
------------------------
Sat Jun 22 15:11:02 2024
fun f_open(): error opening file
------------------------
Sat Jun 22 15:11:28 2024
fun move(): Object is null!

------------------------
Sat Jun 22 15:13:51 2024
fun f_open(): error opening file
------------------------
Sat Jun 22 15:14:41 2024
fun f_open(): error opening file
------------------------
Sat Jun 22 15:16:51 2024
fun f_open(): error opening file
------------------------
Sat Jun 22 15:18:14 2024
fun f_open(): error opening file
------------------------
Sat Jun 22 15:19:49 2024
fun f_open(): error opening file
------------------------
Sat Jun 22 15:21:51 2024
fun f_open(): error opening file
------------------------
Sat Jun 22 15:24:19 2024
fun f_open(): error opening file
------------------------
Sat Jun 22 15:24:47 2024
fun f_open(): error opening file
------------------------
Sat Jun 22 15:28:24 2024
fun f_open(): error opening file
------------------------
Sat Jun 22 15:30:13 2024
fun f_open(): error opening file
------------------------
Sat Jun 22 15:31:35 2024
fun f_open(): error opening file
------------------------
Sat Jun 22 18:52:02 2024
fun f_open(): error opening file
------------------------
Sat Jun 22 19:07:06 2024
fun f_open(): error opening file
------------------------
Sat Jun 22 19:18:12 2024
fun f_open(): error opening file
------------------------
Sat Jun 22 21:09:05 2024
fun move(): Object is null!

------------------------
Sat Jun 22 21:23:47 2024
fun f_open(): error opening file
------------------------
Sat Jun 22 21:24:53 2024
fun f_open(): error opening file
------------------------
Sat Jun 22 21:27:37 2024
fun f_open(): error opening file
------------------------
Sat Jun 22 21:35:18 2024
fun f_open(): error opening file
------------------------
Sun Jun 23 03:42:53 2024
fun f_open(): error opening file
------------------------
Tue Jun 25 17:36:53 2024
fun f_open(): error opening file
------------------------
Tue Jun 25 17:45:00 2024
fun get_fs(): There is no file system!
------------------------
Tue Jun 25 17:45:30 2024
fun f_open(): error opening file
------------------------
Tue Jun 25 17:54:31 2024
fun f_open(): error opening file
------------------------
Wed Jun 26 08:23:37 2024
fun f_open(): error opening file
------------------------
Wed Jun 26 08:23:41 2024
fun f_open(): error opening file
------------------------
Wed Jun 26 08:24:56 2024
fun f_open(): error opening file
------------------------
Wed Jun 26 08:26:41 2024
fun f_open(): error opening file
------------------------
Wed Jun 26 08:27:28 2024
fun f_open(): error opening file
------------------------
Wed Jun 26 08:28:00 2024
fun f_open(): error opening file
------------------------
Wed Jun 26 08:28:44 2024
fun f_open(): error opening file
------------------------
Wed Jun 26 08:29:09 2024
fun f_open(): error opening file
------------------------
Wed Jun 26 08:29:47 2024
fun f_open(): error opening file
------------------------
Wed Jun 26 08:30:30 2024
fun f_open(): error opening file
------------------------
Wed Jun 26 08:31:22 2024
fun f_open(): error opening file
------------------------
Wed Jun 26 08:31:38 2024
fun f_open(): error opening file
------------------------
Wed Jun 26 08:32:20 2024
fun f_open(): error opening file
------------------------
Wed Jun 26 08:33:00 2024
fun f_open(): error opening file
------------------------
Wed Jun 26 08:34:31 2024
fun f_open(): error opening file
------------------------
Wed Jun 26 08:34:59 2024
fun f_open(): error opening file
------------------------
Wed Jun 26 08:35:32 2024
fun f_open(): error opening file
------------------------
Wed Jun 26 08:36:33 2024
fun f_open(): error opening file
------------------------
Wed Jun 26 08:38:36 2024
fun f_open(): error opening file
------------------------
Wed Jun 26 08:39:42 2024
fun f_open(): error opening file
------------------------
